1733052864918	geckodriver	INFO	Listening on 127.0.0.1:63997
1733052867951	mozrunner::runner	INFO	Running command: "C:\\Program Files\\Mozilla Firefox\\firefox.exe" "--marionette" "--remote-debugging-port" "63998" "--remote-allow-hosts" "localhost" "-no-remote" "-profile" "C:\\Users\\DIGITA~1\\AppData\\Local\\Temp\\rust_mozprofilegzmrOA"
console.warn: services.settings: Ignoring preference override of remote settings server
console.warn: services.settings: Allow by setting MOZ_REMOTE_SETTINGS_DEVTOOLS=1 in the environment
Dynamically enable window occlusion 0
1733052869304	Marionette	INFO	Marionette enabled
1733052869616	Marionette	INFO	Listening on port 64017
WebDriver BiDi listening on ws://127.0.0.1:63998
Read port: 64017
1733052869874	RemoteAgent	WARN	TLS certificate errors will be ignored for this session
DevTools listening on ws://127.0.0.1:63998/devtools/browser/650a0b2a-d2bc-4ff1-adef-9b493eaa485e
1733052882209	Marionette	INFO	Stopped listening on port 64017
JavaScript warning: https://www.googletagmanager.com/gtm.js?id=GTM-5WRCCN9, line 188: Script terminated by timeout at:
Ld@https://www.googletagmanager.com/gtm.js?id=GTM-5WRCCN9:188:383
h.invoke@https://www.googletagmanager.com/gtm.js?id=GTM-5WRCCN9:167:314
Ja@https://www.googletagmanager.com/gtm.js?id=GTM-5WRCCN9:134:668
Ia@https://www.googletagmanager.com/gtm.js?id=GTM-5WRCCN9:134:428
sd@https://www.googletagmanager.com/gtm.js?id=GTM-5WRCCN9:182:60
h.invoke@https://www.googletagmanager.com/gtm.js?id=GTM-5WRCCN9:167:314
Ja@https://www.googletagmanager.com/gtm.js?id=GTM-5WRCCN9:134:668
Ia@https://www.googletagmanager.com/gtm.js?id=GTM-5WRCCN9:134:428
Md/<@https://www.googletagmanager.com/gtm.js?id=GTM-5WRCCN9:189:487
h.invoke@https://www.googletagmanager.com/gtm.js?id=GTM-5WRCCN9:167:314
Ja@https://www.googletagmanager.com/gtm.js?id=GTM-5WRCCN9:134:668
ad.prototype.evaluate@https://www.googletagmanager.com/gtm.js?id=GTM-5WRCCN9:168:329
ke@https://www.googletagmanager.com/gtm.js?id=GTM-5WRCCN9:195:65
h.invoke@https://www.googletagmanager.com/gtm.js?id=GTM-5WRCCN9:167:314
Ja@https://www.googletagmanager.com/gtm.js?id=GTM-5WRCCN9:134:668
ad.prototype.evaluate@https://www.googletagmanager.com/gtm.js?id=GTM-5WRCCN9:168:329
ud@https://www.googletagmanager.com/gtm.js?id=GTM-5WRCCN9:182:191
h.invoke@https://www.googletagmanager.com/gtm.js?id=GTM-5WRCCN9:167:314
Ja@https://www.googletagmanager.com/gtm.js?id=GTM-5WRCCN9:134:668
ad.prototype.evaluate@https://www.googletagmanager.com/gtm.js?id=GTM-5WRCCN9:168:329
me@https://www.googletagmanager.com/gtm.js?id=GTM-5WRCCN9:196:247
h.invoke@https://www.googletagmanager.com/gtm.js?id=GTM-5WRCCN9:167:314
Ja@https://www.googletagmanager.com/gtm.js?id=GTM-5WRCCN9:134:668
Ia@https://www.googletagmanager.com/gtm.js?id=GTM-5WRCCN9:134:428
Md/<@https://www.googletagmanager.com/gtm.js?id=GTM-5WRCCN9:189:487
h.invoke@https://www.googletagmanager.com/gtm.js?id=GTM-5WRCCN9:167:314
Ja@https://www.googletagmanager.com/gtm.js?id=GTM-5WRCCN9:134:668
Ia@https://www.googletagmanager.com/gtm.js?id=GTM-5WRCCN9:134:428
Ud@https://www.googletagmanager.com/gtm.js?id=GTM-5WRCCN9:192:334
h.invoke@https://www.googletagmanager.com/gtm.js?id=GTM-5WRCCN9:167:314
Ja@https://www.googletagmanager.com/gtm.js?id=GTM-5WRCCN9:134:668
Ia@https://www.googletagmanager.com/gtm.js?id=GTM-5WRCCN9:134:428
Md/<@https://www.googletagmanager.com/gtm.js?id=GTM-5WRCCN9:189:487
h.invoke@https://www.googletagmanager.com/gtm.js?id=GTM-5WRCCN9:167:314
Ja@https://www.googletagmanager.com/gtm.js?id=GTM-5WRCCN9:134:668
h.wl@https://www.googletagmanager.com/gtm.js?id=GTM-5WRCCN9:134:1183
Fe@https://www.googletagmanager.com/gtm.js?id=GTM-5WRCCN9:200:782
zA/<@https://www.googletagmanager.com/gtm.js?id=GTM-5WRCCN9:599:350
Bf@https://www.googletagmanager.com/gtm.js?id=GTM-5WRCCN9:216:92
e@https://www.googletagmanager.com/gtm.js?id=GTM-5WRCCN9:562:216
hy@https://www.googletagmanager.com/gtm.js?id=GTM-5WRCCN9:563:847
my@https://www.googletagmanager.com/gtm.js?id=GTM-5WRCCN9:568:208
Az@https://www.googletagmanager.com/gtm.js?id=GTM-5WRCCN9:585:273
Dz@https://www.googletagmanager.com/gtm.js?id=GTM-5WRCCN9:588:7
Hz/b.push@https://www.googletagmanager.com/gtm.js?id=GTM-5WRCCN9:592:320
Hz/b.push@https://www.googletagmanager.com/gtag/js?id=AW-741910165:594:170
Hz/b.push@https://www.googletagmanager.com/gtag/js?id=G-NSG5GX8MNW&l=dataLayer&cx=c&gtm=45He4bk0v810719053za200:661:170
Hz/<@https://www.googletagmanager.com/gtm.js?id=GTM-5WRCCN9:591:383

Dynamically enable window occlusion 1
